app/build/outputs/logs/manifest-merger-debug-report.txt
-- Merging decision tree log ---
manifest
ADDED from src/main/AndroidManifest.xml:2:1-544:12
	xmlns:android
		ADDED from src/main/AndroidManifest.xml:2:11-69
	package
		ADDED from src/main/AndroidManifest.xml:3:5-35
		INJECTED from src/main/AndroidManifest.xml
		INJECTED from src/main/AndroidManifest.xml
	android:versionName
		ADDED from src/main/AndroidManifest.xml:6:5-30
		INJECTED from src/main/AndroidManifest.xml
		INJECTED from src/main/AndroidManifest.xml
	android:versionCode
		ADDED from src/main/AndroidManifest.xml:5:5-28
		INJECTED from src/main/AndroidManifest.xml
		INJECTED from src/main/AndroidManifest.xml
	android:installLocation
		ADDED from src/main/AndroidManifest.xml:4:5-43
uses-sdk
ADDED from src/main/AndroidManifest.xml:8:5-10:41
MERGED from [org.xwalk:xwalk_core_library:10.39.235.15] AndroidManifest.xml:6:5-8:41
	android:targetSdkVersion
		ADDED from src/main/AndroidManifest.xml:10:9-38
		INJECTED from src/main/AndroidManifest.xml
		INJECTED from src/main/AndroidManifest.xml
	android:minSdkVersion
		ADDED from src/main/AndroidManifest.xml:9:9-35
		INJECTED from src/main/AndroidManifest.xml
		INJECTED from src/main/AndroidManifest.xml
application
ADDED from src/main/AndroidManifest.xml:12:5-72:19
	android:label
		ADDED from src/main/AndroidManifest.xml:18:9-41
	android:debuggable
		ADDED from src/main/AndroidManifest.xml:15:9-34
	android:icon
		ADDED from src/main/AndroidManifest.xml:16:9-38
	android:theme
		ADDED from src/main/AndroidManifest.xml:17:9-56
	android:hardwareAccelerated
		ADDED from src/main/AndroidManifest.xml:14:9-43
	android:name
		ADDED from src/main/AndroidManifest.xml:13:9-42
activity#com.android.kalite27.ScriptActivity
ADDED from src/main/AndroidManifest.xml:19:9-34:20
	android:windowSoftInputMode
		ADDED from src/main/AndroidManifest.xml:22:13-55
	android:configChanges
		ADDED from src/main/AndroidManifest.xml:21:13-59
	android:theme
		ADDED from src/main/AndroidManifest.xml:23:13-72
	android:name
		ADDED from src/main/AndroidManifest.xml:20:13-43
intent-filter#android.intent.action.MAIN+android.intent.category.LAUNCHER
ADDED from src/main/AndroidManifest.xml:24:13-28:29
action#android.intent.action.MAIN
ADDED from src/main/AndroidManifest.xml:25:17-69
	android:name
		ADDED from src/main/AndroidManifest.xml:25:25-66
category#android.intent.category.LAUNCHER
ADDED from src/main/AndroidManifest.xml:27:17-77
	android:name
		ADDED from src/main/AndroidManifest.xml:27:27-74
intent-filter#android.intent.category.DEFAULT+com.googlecode.android_scripting.action.ACTION_LAUNCH_FOR_RESULT
ADDED from src/main/AndroidManifest.xml:29:13-33:29
action#com.googlecode.android_scripting.action.ACTION_LAUNCH_FOR_RESULT
ADDED from src/main/AndroidManifest.xml:30:17-107
	android:name
		ADDED from src/main/AndroidManifest.xml:30:25-104
category#android.intent.category.DEFAULT
ADDED from src/main/AndroidManifest.xml:32:17-76
	android:name
		ADDED from src/main/AndroidManifest.xml:32:27-73
service#com.android.kalite27.ScriptService
ADDED from src/main/AndroidManifest.xml:36:9-40:19
	android:name
		ADDED from src/main/AndroidManifest.xml:36:18-47
intent-filter#com.android.kalite27.ScriptService
ADDED from src/main/AndroidManifest.xml:37:13-39:29
action#com.android.kalite27.ScriptService
ADDED from src/main/AndroidManifest.xml:38:17-77
	android:name
		ADDED from src/main/AndroidManifest.xml:38:25-74
service#com.android.kalite27.BackgroundScriptService
ADDED from src/main/AndroidManifest.xml:41:9-46:19
	android:stopWithTask
		ADDED from src/main/AndroidManifest.xml:42:11-39
	android:name
		ADDED from src/main/AndroidManifest.xml:41:18-57
intent-filter#com.android.kalite27.BackgroundScriptService
ADDED from src/main/AndroidManifest.xml:43:13-45:29
action#com.android.kalite27.BackgroundScriptService
ADDED from src/main/AndroidManifest.xml:44:17-87
	android:name
		ADDED from src/main/AndroidManifest.xml:44:25-84
service#com.android.kalite27.RpcServerService
ADDED from src/main/AndroidManifest.xml:47:9-53
	android:name
		ADDED from src/main/AndroidManifest.xml:47:18-50
activity#com.googlecode.android_scripting.activity.FutureActivity
ADDED from src/main/AndroidManifest.xml:49:9-52:64
	android:configChanges
		ADDED from src/main/AndroidManifest.xml:51:13-74
	android:theme
		ADDED from src/main/AndroidManifest.xml:52:13-61
	android:name
		ADDED from src/main/AndroidManifest.xml:50:13-84
activity#com.android.kalite27.DialogActivity
ADDED from src/main/AndroidManifest.xml:53:9-56:75
	android:configChanges
		ADDED from src/main/AndroidManifest.xml:55:13-74
	android:theme
		ADDED from src/main/AndroidManifest.xml:56:13-72
	android:name
		ADDED from src/main/AndroidManifest.xml:54:13-43
activity#com.android.kalite27.RpcServerLauncher
ADDED from src/main/AndroidManifest.xml:57:9-67:20
	android:configChanges
		ADDED from src/main/AndroidManifest.xml:60:13-59
	android:theme
		ADDED from src/main/AndroidManifest.xml:61:13-72
	android:taskAffinity
		ADDED from src/main/AndroidManifest.xml:59:13-36
	android:name
		ADDED from src/main/AndroidManifest.xml:58:13-46
intent-filter#android.intent.action.VIEW+android.intent.category.DEFAULT
ADDED from src/main/AndroidManifest.xml:62:13-66:29
action#android.intent.action.VIEW
ADDED from src/main/AndroidManifest.xml:63:17-69
	android:name
		ADDED from src/main/AndroidManifest.xml:63:25-66
activity#com.android.kalite27.DirectoryPicker
ADDED from src/main/AndroidManifest.xml:69:9-71:76
	android:configChanges
		ADDED from src/main/AndroidManifest.xml:71:13-74
	android:name
		ADDED from src/main/AndroidManifest.xml:70:13-44
supports-screens
ADDED from src/main/AndroidManifest.xml:74:5-54
	android:xlargeScreens
		ADDED from src/main/AndroidManifest.xml:74:23-51
uses-permission#android.permission.INTERNET
ADDED from src/main/AndroidManifest.xml:76:5-67
	android:name
		ADDED from src/main/AndroidManifest.xml:76:22-64
uses-permission#android.permission.WRITE_EXTERNAL_STORAGE
ADDED from src/main/AndroidManifest.xml:77:5-81
	android:name
		ADDED from src/main/AndroidManifest.xml:77:22-78
uses-permission#android.permission.ACCESS_NETWORK_STATE
ADDED from src/main/AndroidManifest.xml:78:5-79
	android:name
		ADDED from src/main/AndroidManifest.xml:78:22-76
uses-permission#android.permission.ACCESS_WIFI_STATE
ADDED from src/main/AndroidManifest.xml:79:5-75
	android:name
		ADDED from src/main/AndroidManifest.xml:79:22-73